Will now mount all partitions in /etc/fstab
Note: Create /.skip_fsck to skip fsck
 - The check might take a while if didn't shutdown properly!
Handling /dev/rkflash0p6 / ext2 rw,noauto 1
Wrong fs type(ext2) for /dev/rkflash0p6
Handling /dev/rkflash0p3 /misc emmc defaults 0
Unsupported file system emmc for /dev/rkflash0p3
Handling /dev/rkflash0p8 /mnt/res ext2 defaults 2
Checking /dev/rkflash0p8(ext2)
e2fsck 1.43.9 (8-Feb-2018)
oem: clean, 139/14336 files, 30903/54272 blocks
Mounting /dev/rkflash0p8(ext2) on /mnt/res 
Handling /dev/rkflash0p9 /mnt/udisk ext2 defaults 2
Checking /dev/rkflash0p9(ext2)
e2fsck 1.43.9 (8-Feb-2018)
userdata: clean, 119/19200 files, 10583/115180 blocks
Mounting /dev/rkflash0p9(ext2) on /mnt/udisk 
Handling /dev/rkflash0p7 /mnt/sys ext2 ro 2
Checking /dev/rkflash0p7(ext2)
e2fsck 1.43.9 (8-Feb-2018)
sys: clean, 11/128 files, 42/1024 blocks
Mounting /dev/rkflash0p7(ext2) on /mnt/sys with -o ro
